Using pre-set license
Built from '2020.3/staging' branch; Version is '2020.3.33f1 (915a7af8b0d5) revision 9525882'; Using compiler version '192528614'; Build Type 'Release'
OS: 'Windows 10  (10.0.19044) 64bit Professional' Language: 'en' Physical Memory: 8005 MB
BatchMode: 1, IsHumanControllingUs: 0, StartBugReporterOnCrash: 0, Is64bit: 1, IsPro: 0

COMMAND LINE ARGUMENTS:
C:\Program Files\Unity 2020.3.33f1\Editor\Unity.exe
-adb2
-batchMode
-noUpm
-name
AssetImportWorker0
-projectPath
E:/Todo/Unity/GitRepositories/Proyect-Alpha/Proyect-Alpha/Proyect Alpha
-logFile
Logs/AssetImportWorker0.log
-srvPort
63279
Successfully changed project path to: E:/Todo/Unity/GitRepositories/Proyect-Alpha/Proyect-Alpha/Proyect Alpha
E:/Todo/Unity/GitRepositories/Proyect-Alpha/Proyect-Alpha/Proyect Alpha
Using Asset Import Pipeline V2.
Refreshing native plugins compatible for Editor in 61.90 ms, found 3 plugins.
Preloading 0 native plugins for Editor in 0.00 ms.
Initialize engine version: 2020.3.33f1 (915a7af8b0d5)
[Subsystems] Discovering subsystems at path C:/Program Files/Unity 2020.3.33f1/Editor/Data/Resources/UnitySubsystems
[Subsystems] Discovering subsystems at path E:/Todo/Unity/GitRepositories/Proyect-Alpha/Proyect-Alpha/Proyect Alpha/Assets
GfxDevice: creating device client; threaded=0
Direct3D:
    Version:  Direct3D 11.0 [level 11.1]
    Renderer: Radeon RX 570 Series (ID=0x67df)
    Vendor:   
    VRAM:     8171 MB
    Driver:   30.0.13025.5005
Initialize mono
Mono path[0] = 'C:/Program Files/Unity 2020.3.33f1/Editor/Data/Managed'
Mono path[1] = 'C:/Program Files/Unity 2020.3.33f1/Editor/Data/MonoBleedingEdge/lib/mono/unityjit'
Mono config path = 'C:/Program Files/Unity 2020.3.33f1/Editor/Data/MonoBleedingEdge/etc'
Using monoOptions --debugger-agent=transport=dt_socket,embedding=1,server=y,suspend=n,address=127.0.0.1:56208
Begin MonoManager ReloadAssembly
Registering precompiled unity dll's ...
Register platform support module: C:/Program Files/Unity 2020.3.33f1/Editor/Data/PlaybackEngines/WindowsStandaloneSupport/UnityEditor.WindowsStandalone.Extensions.dll
Registered in 0.006721 seconds.
Native extension for WindowsStandalone target not found
Refreshing native plugins compatible for Editor in 65.48 ms, found 3 plugins.
Preloading 0 native plugins for Editor in 0.00 ms.
Mono: successfully reloaded assembly
- Completed reload, in  0.863 seconds
Domain Reload Profiling:
	ReloadAssembly (864ms)
		BeginReloadAssembly (124ms)
			ExecutionOrderSort (0ms)
			DisableScriptedObjects (0ms)
			BackupInstance (0ms)
			ReleaseScriptingObjects (0ms)
			CreateAndSetChildDomain (1ms)
		EndReloadAssembly (618ms)
			LoadAssemblies (121ms)
			RebuildTransferFunctionScriptingTraits (0ms)
			SetupTypeCache (205ms)
			ReleaseScriptCaches (0ms)
			RebuildScriptCaches (39ms)
			SetupLoadedEditorAssemblies (228ms)
				LogAssemblyErrors (0ms)
				InitializePlatformSupportModulesInManaged (6ms)
				SetLoadedEditorAssemblies (0ms)
				RefreshPlugins (66ms)
				BeforeProcessingInitializeOnLoad (22ms)
				ProcessInitializeOnLoadAttributes (101ms)
				ProcessInitializeOnLoadMethodAttributes (34ms)
				AfterProcessingInitializeOnLoad (0ms)
				EditorAssembliesLoaded (0ms)
			ExecutionOrderSort2 (0ms)
			AwakeInstancesAfterBackupRestoration (0ms)
Platform modules already initialized, skipping
Registering precompiled user dll's ...
Registered in 0.005173 seconds.
Begin MonoManager ReloadAssembly
Symbol file LoadedFromMemory doesn't match image E:\Todo\Unity\GitRepositories\Proyect-Alpha\Proyect-Alpha\Proyect Alpha\Library\PackageCache\com.unity.collab-proxy@1.15.15\Lib\Editor\PlasticSCM\unityplastic.dll
Native extension for WindowsStandalone target not found
Refreshing native plugins compatible for Editor in 65.92 ms, found 3 plugins.
Preloading 0 native plugins for Editor in 0.00 ms.
Mono: successfully reloaded assembly
- Completed reload, in  1.663 seconds
Domain Reload Profiling:
	ReloadAssembly (1665ms)
		BeginReloadAssembly (223ms)
			ExecutionOrderSort (0ms)
			DisableScriptedObjects (6ms)
			BackupInstance (0ms)
			ReleaseScriptingObjects (0ms)
			CreateAndSetChildDomain (24ms)
		EndReloadAssembly (1357ms)
			LoadAssemblies (156ms)
			RebuildTransferFunctionScriptingTraits (0ms)
			SetupTypeCache (437ms)
			ReleaseScriptCaches (1ms)
			RebuildScriptCaches (89ms)
			SetupLoadedEditorAssemblies (523ms)
				LogAssemblyErrors (0ms)
				InitializePlatformSupportModulesInManaged (5ms)
				SetLoadedEditorAssemblies (0ms)
				RefreshPlugins (66ms)
				BeforeProcessingInitializeOnLoad (128ms)
				ProcessInitializeOnLoadAttributes (281ms)
				ProcessInitializeOnLoadMethodAttributes (27ms)
				AfterProcessingInitializeOnLoad (16ms)
				EditorAssembliesLoaded (0ms)
			ExecutionOrderSort2 (0ms)
			AwakeInstancesAfterBackupRestoration (9ms)
Platform modules already initialized, skipping
========================================================================
Worker process is ready to serve import requests
Launched and connected shader compiler UnityShaderCompiler.exe after 0.06 seconds
Refreshing native plugins compatible for Editor in 0.70 ms, found 3 plugins.
Preloading 0 native plugins for Editor in 0.00 ms.
Unloading 2381 Unused Serialized files (Serialized files now loaded: 0)
System memory in use before: 104.8 MB.
System memory in use after: 104.8 MB.

Unloading 32 unused Assets to reduce memory usage. Loaded Objects now: 2814.
Total: 4.480800 ms (FindLiveObjects: 0.301400 ms CreateObjectMapping: 0.234900 ms MarkObjects: 3.784600 ms  DeleteObjects: 0.158800 ms)

AssetImportParameters requested are different than current active one (requested -> active):
  custom:framework-win-MediaFoundation: 216162199b28c13a410421893ffa2e32 -> 
  custom:video-decoder-ogg-theora: a1e56fd34408186e4bbccfd4996cb3dc -> 
  custom:container-muxer-webm: aa71ff27fc2769a1b78a27578f13a17b -> 
  custom:container-demuxer-webm: 4f35f7cbe854078d1ac9338744f61a02 -> 
  custom:container-demuxer-ogg: 62fdf1f143b41e24485cea50d1cbac27 -> 
  custom:video-encoder-webm-vp8: eb34c28f22e8b96e1ab97ce403110664 -> 
  custom:video-decoder-webm-vp8: 9c59270c3fd7afecdb556c50c9e8de78 -> 
  custom:audio-decoder-ogg-vorbis: bf7c407c2cedff20999df2af8eb42d56 -> 
  custom:audio-encoder-webm-vorbis: bf7c407c2cedff20999df2af8eb42d56 -> 
========================================================================
Received Import Request.
  path: Assets/_main/Physics Material 2D.physicsMaterial2D
  artifactKey: Guid(2f305193836e982408d9b1e4c6b2c377) Importer(815301076,1909f56bfc062723c751e8b465ee728b)
Start importing Assets/_main/Physics Material 2D.physicsMaterial2D using Guid(2f305193836e982408d9b1e4c6b2c377) Importer(815301076,1909f56bfc062723c751e8b465ee728b)  -> (artifact id: '9529ec1477fb9d04e8be0b243fc3f290') in 0.070688 seconds 
========================================================================
Received Import Request.
  Time since last request: 0.000474 seconds.
  path: Assets/_main/Scenes/Level1.unity
  artifactKey: Guid(d548b51e486d3e846ba804cf407c0f2f) Importer(815301076,1909f56bfc062723c751e8b465ee728b)
Start importing Assets/_main/Scenes/Level1.unity using Guid(d548b51e486d3e846ba804cf407c0f2f) Importer(815301076,1909f56bfc062723c751e8b465ee728b)  -> (artifact id: '1c46c5abecb0ed2f2d0f163522707b17') in 0.002883 seconds 
========================================================================
Received Import Request.
  Time since last request: 0.000353 seconds.
  path: Assets/_main
  artifactKey: Guid(25934e84646191d40b9acc1328e206df) Importer(815301076,1909f56bfc062723c751e8b465ee728b)
Start importing Assets/_main using Guid(25934e84646191d40b9acc1328e206df) Importer(815301076,1909f56bfc062723c751e8b465ee728b)  -> (artifact id: '62cde1af1647c28c5660e8bb1b908f6c') in 0.002406 seconds 
========================================================================
Received Import Request.
  Time since last request: 559.788561 seconds.
  path: Assets/_main/Scenes/Level2.unity
  artifactKey: Guid(0e2cd9a111b82fe43929140eaa1f9160) Importer(815301076,1909f56bfc062723c751e8b465ee728b)
Start importing Assets/_main/Scenes/Level2.unity using Guid(0e2cd9a111b82fe43929140eaa1f9160) Importer(815301076,1909f56bfc062723c751e8b465ee728b)  -> (artifact id: '961416b3eb32518471c8136ad4df34a7') in 0.002340 seconds 
========================================================================
Received Import Request.
  Time since last request: 299.424761 seconds.
  path: Assets/_main/Scenes/Level3.unity
  artifactKey: Guid(6e61e774c6763c04cadd4e40b8aa3d63) Importer(815301076,1909f56bfc062723c751e8b465ee728b)
Start importing Assets/_main/Scenes/Level3.unity using Guid(6e61e774c6763c04cadd4e40b8aa3d63) Importer(815301076,1909f56bfc062723c751e8b465ee728b)  -> (artifact id: '52d1d9a81b6e8b7e3eaf08041a3af505') in 0.002608 seconds 
AssetImportWorkerClient::OnTransportError - code=2 error=End of file
